<?xml version="1.0" encoding="UTF-8"?>
<testsuites name="Login Register" time="96.557" tests="2" failures="0" errors="0">
   <testsuite name="Login Register" tests="2" failures="0" errors="0" time="96.557" skipped="0" timestamp="2023-05-11 22:29:02" hostname="lina - DESKTOP-R3Q6FHB" id="Test Suites/Surplus Test/Login Register">
      <properties>
         <property name="deviceName" value="samsung SM-S908E (Android 9)"/>
         <property name="devicePlatform" value=""/>
         <property name="logFolder" value="C:\\Users\\lina\\Katalon Studio\\mobile testing surplus\\Reports\\20230511_222843\\Surplus Test\\Login Register\\20230511_222843"/>
         <property name="logFiles" value="C:\\Users\\lina\\Katalon Studio\\mobile testing surplus\\Reports\\20230511_222843\\Surplus Test\\Login Register\\20230511_222843\\appium.log, C:\\Users\\lina\\Katalon Studio\\mobile testing surplus\\Reports\\20230511_222843\\Surplus Test\\Login Register\\20230511_222843\\execution0.log"/>
         <property name="attachments" value=""/>
         <property name="hostName" value="lina - DESKTOP-R3Q6FHB"/>
         <property name="os" value="Windows 10 64bit"/>
         <property name="appiumServerStatus" value="{&quot;value&quot;:{&quot;build&quot;:{&quot;version&quot;:&quot;1.22.3&quot;}},&quot;sessionId&quot;:null,&quot;status&quot;:0}"/>
         <property name="katalonVersion" value="8.6.0.208"/>
         <property name="deviceOS" value="Android"/>
         <property name="appiumVersion" value="1.22.3"/>
         <property name="deviceModel" value="SM-S908E"/>
         <property name="hostAddress" value="192.168.43.42"/>
         <property name="deviceManufacturer" value="samsung"/>
         <property name="deviceId" value="localhost:5555"/>
         <property name="deviceName" value="samsung SM-S908E (Android 9)"/>
         <property name="deviceOSVersion" value="9"/>
      </properties>
      <testcase name="Test Cases/Test - Surplus/Surplus - Login - Register - Positive" time="57.451" classname="Test Cases/Test - Surplus/Surplus - Login - Register - Positive" status="PASSED">
         <system-out><![CDATA[2023-05-11 22:29:03 - [TEST_CASE][PASSED] - Test Cases/Test - Surplus/Surplus - Login - Register - Positive: Test Cases/Test - Surplus/Surplus - Login - Register - Positive

2023-05-11 22:29:03 - [TEST_STEP][PASSED] - startApplication("C:\Users\lina\Downloads\Sample Android App - Login Tes_4.0_Apkpure.apk", true): Started app at: 'C:\Users\lina\Downloads\Sample Android App - Login Tes_4.0_Apkpure.apk'

2023-05-11 22:29:08 - [MESSAGE][INFO] - Detected NodeJS location: "C:\Program Files\nodejs\node.exe"

2023-05-11 22:29:11 - [MESSAGE][INFO] - Appium server started on port 59,167

2023-05-11 22:29:36 - [MESSAGE][INFO] - Failed to get OS statusbar's information using default method.

2023-05-11 22:29:36 - [MESSAGE][PASSED] - Started app at: 'C:\Users\lina\Downloads\Sample Android App - Login Tes_4.0_Apkpure.apk'

2023-05-11 22:29:36 - [TEST_STEP][PASSED] - comment("Masuk ke menu register"): Masuk ke menu register

2023-05-11 22:29:36 - [MESSAGE][INFO] - Masuk ke menu register

2023-05-11 22:29:36 - [TEST_STEP][PASSED] - tap(findTestObject("Surplus Test/android.widget.TextView - No account yet Create one"), 30): Tapped on element 'Object Repository/Surplus Test/android.widget.TextView - No account yet Create one'

2023-05-11 22:29:38 - [MESSAGE][PASSED] - Tapped on element 'Object Repository/Surplus Test/android.widget.TextView - No account yet Create one'

2023-05-11 22:29:38 - [TEST_STEP][PASSED] - setText(findTestObject("Surplus Test/android.widget.EditText (7)"), "Aulia Lina", 30): Text 'Aulia Lina' has been set to element 'Object Repository/Surplus Test/android.widget.EditText (7)'

2023-05-11 22:29:39 - [MESSAGE][PASSED] - Text 'Aulia Lina' has been set to element 'Object Repository/Surplus Test/android.widget.EditText (7)'

2023-05-11 22:29:39 - [TEST_STEP][PASSED] - setText(findTestObject("Surplus Test/android.widget.EditText (8)"), "aulialina@gmail.com", 30): Text 'aulialina@gmail.com' has been set to element 'Object Repository/Surplus Test/android.widget.EditText (8)'

2023-05-11 22:29:41 - [MESSAGE][PASSED] - Text 'aulialina@gmail.com' has been set to element 'Object Repository/Surplus Test/android.widget.EditText (8)'

2023-05-11 22:29:41 - [TEST_STEP][PASSED] - setEncryptedText(findTestObject("Object Repository/Surplus Test/android.widget.EditText (19)"), "nU4N056oGUaS6k35Yg4klw==", 30): Encrypted text 'nU4N056oGUaS6k35Yg4klw==' has been set to element 'Object Repository/Surplus Test/android.widget.EditText (19)'

2023-05-11 22:29:42 - [MESSAGE][PASSED] - Encrypted text 'nU4N056oGUaS6k35Yg4klw==' has been set to element 'Object Repository/Surplus Test/android.widget.EditText (19)'

2023-05-11 22:29:42 - [TEST_STEP][PASSED] - setEncryptedText(findTestObject("Object Repository/Surplus Test/android.widget.EditText (20)"), "nU4N056oGUaS6k35Yg4klw==", 30): Encrypted text 'nU4N056oGUaS6k35Yg4klw==' has been set to element 'Object Repository/Surplus Test/android.widget.EditText (20)'

2023-05-11 22:29:43 - [MESSAGE][PASSED] - Encrypted text 'nU4N056oGUaS6k35Yg4klw==' has been set to element 'Object Repository/Surplus Test/android.widget.EditText (20)'

2023-05-11 22:29:43 - [TEST_STEP][PASSED] - comment("Memasukkan data  Nama, Email, Password, Konfirmasi Password Sesuai Ketentuan"): Memasukkan data  Nama, Email, Password, Konfirmasi Password Sesuai Ketentuan

2023-05-11 22:29:43 - [MESSAGE][INFO] - Memasukkan data  Nama, Email, Password, Konfirmasi Password Sesuai Ketentuan

2023-05-11 22:29:43 - [TEST_STEP][PASSED] - tap(findTestObject("Object Repository/Surplus Test/android.widget.Button - REGISTER (3)"), 30): Tapped on element 'Object Repository/Surplus Test/android.widget.Button - REGISTER (3)'

2023-05-11 22:29:43 - [MESSAGE][PASSED] - Tapped on element 'Object Repository/Surplus Test/android.widget.Button - REGISTER (3)'

2023-05-11 22:29:43 - [TEST_STEP][PASSED] - comment("Berhasil Membuat Akun dan Masuk Ke Halaman Login"): Berhasil Membuat Akun dan Masuk Ke Halaman Login

2023-05-11 22:29:43 - [MESSAGE][INFO] - Berhasil Membuat Akun dan Masuk Ke Halaman Login

2023-05-11 22:29:43 - [TEST_STEP][PASSED] - tap(findTestObject("Object Repository/Surplus Test/android.widget.TextView - Already a member Login"), 30): Tapped on element 'Object Repository/Surplus Test/android.widget.TextView - Already a member Login'

2023-05-11 22:29:44 - [MESSAGE][PASSED] - Tapped on element 'Object Repository/Surplus Test/android.widget.TextView - Already a member Login'

2023-05-11 22:29:44 - [TEST_STEP][PASSED] - setText(findTestObject("Surplus Test/android.widget.EditText (13)"), "aulialina@gmail.com", 30): Text 'aulialina@gmail.com' has been set to element 'Object Repository/Surplus Test/android.widget.EditText (13)'

2023-05-11 22:29:46 - [MESSAGE][PASSED] - Text 'aulialina@gmail.com' has been set to element 'Object Repository/Surplus Test/android.widget.EditText (13)'

2023-05-11 22:29:46 - [TEST_STEP][PASSED] - setEncryptedText(findTestObject("Surplus Test/android.widget.EditText (14)"), "nU4N056oGUaS6k35Yg4klw==", 30): Encrypted text 'nU4N056oGUaS6k35Yg4klw==' has been set to element 'Object Repository/Surplus Test/android.widget.EditText (14)'

2023-05-11 22:29:47 - [MESSAGE][PASSED] - Encrypted text 'nU4N056oGUaS6k35Yg4klw==' has been set to element 'Object Repository/Surplus Test/android.widget.EditText (14)'

2023-05-11 22:29:47 - [TEST_STEP][PASSED] - comment("Memasukkan data email dan password yang telah terdaftar"): Memasukkan data email dan password yang telah terdaftar

2023-05-11 22:29:47 - [MESSAGE][INFO] - Memasukkan data email dan password yang telah terdaftar

2023-05-11 22:29:47 - [TEST_STEP][PASSED] - tap(findTestObject("Surplus Test/android.widget.Button - LOGIN (1)"), 30): Tapped on element 'Object Repository/Surplus Test/android.widget.Button - LOGIN (1)'

2023-05-11 22:29:48 - [MESSAGE][PASSED] - Tapped on element 'Object Repository/Surplus Test/android.widget.Button - LOGIN (1)'

2023-05-11 22:29:48 - [TEST_STEP][PASSED] - getText(findTestObject("Object Repository/Surplus Test/android.widget.TextView - aulialinagmail.com"), 30): Text of element 'Object Repository/Surplus Test/android.widget.TextView - aulialinagmail.com' is: 'aulialina@gmail.com'

2023-05-11 22:29:49 - [MESSAGE][PASSED] - Text of element 'Object Repository/Surplus Test/android.widget.TextView - aulialinagmail.com' is: 'aulialina@gmail.com'

2023-05-11 22:29:49 - [TEST_STEP][PASSED] - getText(findTestObject("Object Repository/Surplus Test/android.widget.TextView - Aulia Lina"), 0): Text of element 'Object Repository/Surplus Test/android.widget.TextView - Aulia Lina' is: 'Aulia Lina'

2023-05-11 22:29:49 - [MESSAGE][WARNING] - Timeout '0' is invalid. Using default page load timeout: '30'

2023-05-11 22:29:49 - [MESSAGE][PASSED] - Text of element 'Object Repository/Surplus Test/android.widget.TextView - Aulia Lina' is: 'Aulia Lina'

2023-05-11 22:29:49 - [TEST_STEP][PASSED] - getText(findTestObject("Object Repository/Surplus Test/android.widget.TextView - aulialinagmail.com (1)"), 0): Text of element 'Object Repository/Surplus Test/android.widget.TextView - aulialinagmail.com (1)' is: 'aulialina@gmail.com'

2023-05-11 22:29:49 - [MESSAGE][WARNING] - Timeout '0' is invalid. Using default page load timeout: '30'

2023-05-11 22:29:50 - [MESSAGE][PASSED] - Text of element 'Object Repository/Surplus Test/android.widget.TextView - aulialinagmail.com (1)' is: 'aulialina@gmail.com'

2023-05-11 22:29:50 - [TEST_STEP][PASSED] - getText(findTestObject("Object Repository/Surplus Test/android.widget.TextView - aulialina"), 0): Text of element 'Object Repository/Surplus Test/android.widget.TextView - aulialina' is: 'aulialina'

2023-05-11 22:29:50 - [MESSAGE][WARNING] - Timeout '0' is invalid. Using default page load timeout: '30'

2023-05-11 22:29:50 - [MESSAGE][PASSED] - Text of element 'Object Repository/Surplus Test/android.widget.TextView - aulialina' is: 'aulialina'

2023-05-11 22:29:50 - [TEST_STEP][PASSED] - hideKeyboard(): Keyboard is hidden

2023-05-11 22:29:50 - [MESSAGE][PASSED] - Keyboard is hidden

2023-05-11 22:29:50 - [TEST_STEP][PASSED] - closeApplication(): Close app successfully

2023-05-11 22:30:00 - [MESSAGE][PASSED] - Close app successfully]]></system-out>
         <system-err><![CDATA[]]></system-err>
      </testcase>
      <testcase name="Test Cases/Test - Surplus/Surplus - Register - Login - Negative" time="38.122" classname="Test Cases/Test - Surplus/Surplus - Register - Login - Negative" status="PASSED">
         <system-out><![CDATA[2023-05-11 22:30:01 - [TEST_CASE][PASSED] - Test Cases/Test - Surplus/Surplus - Register - Login - Negative: Test Cases/Test - Surplus/Surplus - Register - Login - Negative

2023-05-11 22:30:01 - [TEST_STEP][PASSED] - startApplication("C:\Users\lina\Downloads\Sample Android App - Login Tes_4.0_Apkpure.apk", true): Started app at: 'C:\Users\lina\Downloads\Sample Android App - Login Tes_4.0_Apkpure.apk'

2023-05-11 22:30:02 - [MESSAGE][INFO] - Detected NodeJS location: "C:\Program Files\nodejs\node.exe"

2023-05-11 22:30:06 - [MESSAGE][INFO] - Appium server started on port 59,411

2023-05-11 22:30:20 - [MESSAGE][INFO] - Failed to get OS statusbar's information using default method.

2023-05-11 22:30:20 - [MESSAGE][PASSED] - Started app at: 'C:\Users\lina\Downloads\Sample Android App - Login Tes_4.0_Apkpure.apk'

2023-05-11 22:30:20 - [TEST_STEP][PASSED] - tap(findTestObject("Object Repository/Surplus Test/android.widget.TextView - No account yet Create one (3)"), 30): Tapped on element 'Object Repository/Surplus Test/android.widget.TextView - No account yet Create one (3)'

2023-05-11 22:30:21 - [MESSAGE][PASSED] - Tapped on element 'Object Repository/Surplus Test/android.widget.TextView - No account yet Create one (3)'

2023-05-11 22:30:21 - [TEST_STEP][PASSED] - comment("Semua Form Dikosongi"): Semua Form Dikosongi

2023-05-11 22:30:21 - [MESSAGE][INFO] - Semua Form Dikosongi

2023-05-11 22:30:21 - [TEST_STEP][PASSED] - tap(findTestObject("Surplus Test/android.widget.Button - REGISTER (1)"), 30): Tapped on element 'Object Repository/Surplus Test/android.widget.Button - REGISTER (1)'

2023-05-11 22:30:22 - [MESSAGE][PASSED] - Tapped on element 'Object Repository/Surplus Test/android.widget.Button - REGISTER (1)'

2023-05-11 22:30:22 - [TEST_STEP][PASSED] - getText(findTestObject("Object Repository/Surplus Test/android.widget.TextView - Enter Full Name"), 30): Text of element 'Object Repository/Surplus Test/android.widget.TextView - Enter Full Name' is: 'Enter Full Name'

2023-05-11 22:30:23 - [MESSAGE][PASSED] - Text of element 'Object Repository/Surplus Test/android.widget.TextView - Enter Full Name' is: 'Enter Full Name'

2023-05-11 22:30:23 - [TEST_STEP][PASSED] - setText(findTestObject("Object Repository/Surplus Test/android.widget.EditText (21)"), "Linaaaaaa", 30): Text 'Linaaaaaa' has been set to element 'Object Repository/Surplus Test/android.widget.EditText (21)'

2023-05-11 22:30:23 - [MESSAGE][PASSED] - Text 'Linaaaaaa' has been set to element 'Object Repository/Surplus Test/android.widget.EditText (21)'

2023-05-11 22:30:23 - [TEST_STEP][PASSED] - comment("Form Email dan Password Dikosongi"): Form Email dan Password Dikosongi

2023-05-11 22:30:23 - [MESSAGE][INFO] - Form Email dan Password Dikosongi

2023-05-11 22:30:23 - [TEST_STEP][PASSED] - tap(findTestObject("Object Repository/Surplus Test/android.widget.Button - REGISTER (5)"), 30): Tapped on element 'Object Repository/Surplus Test/android.widget.Button - REGISTER (5)'

2023-05-11 22:30:25 - [MESSAGE][PASSED] - Tapped on element 'Object Repository/Surplus Test/android.widget.Button - REGISTER (5)'

2023-05-11 22:30:25 - [TEST_STEP][PASSED] - setText(findTestObject("Object Repository/Surplus Test/android.widget.EditText (22)"), "lina@gmail.com", 30): Text 'lina@gmail.com' has been set to element 'Object Repository/Surplus Test/android.widget.EditText (22)'

2023-05-11 22:30:26 - [MESSAGE][PASSED] - Text 'lina@gmail.com' has been set to element 'Object Repository/Surplus Test/android.widget.EditText (22)'

2023-05-11 22:30:26 - [TEST_STEP][PASSED] - comment("Form Password Dikosongi"): Form Password Dikosongi

2023-05-11 22:30:26 - [MESSAGE][INFO] - Form Password Dikosongi

2023-05-11 22:30:26 - [TEST_STEP][PASSED] - tap(findTestObject("Surplus Test/android.widget.Button - REGISTER (1)"), 30): Tapped on element 'Object Repository/Surplus Test/android.widget.Button - REGISTER (1)'

2023-05-11 22:30:26 - [MESSAGE][PASSED] - Tapped on element 'Object Repository/Surplus Test/android.widget.Button - REGISTER (1)'

2023-05-11 22:30:26 - [TEST_STEP][PASSED] - getText(findTestObject("Object Repository/Surplus Test/android.widget.TextView - Enter Password"), 30): Text of element 'Object Repository/Surplus Test/android.widget.TextView - Enter Password' is: 'Enter Password'

2023-05-11 22:30:27 - [MESSAGE][PASSED] - Text of element 'Object Repository/Surplus Test/android.widget.TextView - Enter Password' is: 'Enter Password'

2023-05-11 22:30:27 - [TEST_STEP][PASSED] - setEncryptedText(findTestObject("Object Repository/Surplus Test/android.widget.EditText (23)"), "1qrNa99UBkUp8Q497NPGjg==", 30): Encrypted text '1qrNa99UBkUp8Q497NPGjg==' has been set to element 'Object Repository/Surplus Test/android.widget.EditText (23)'

2023-05-11 22:30:28 - [MESSAGE][PASSED] - Encrypted text '1qrNa99UBkUp8Q497NPGjg==' has been set to element 'Object Repository/Surplus Test/android.widget.EditText (23)'

2023-05-11 22:30:28 - [TEST_STEP][PASSED] - comment("Form Konfirmasi Password Dikosongi"): Form Konfirmasi Password Dikosongi

2023-05-11 22:30:28 - [MESSAGE][INFO] - Form Konfirmasi Password Dikosongi

2023-05-11 22:30:28 - [TEST_STEP][PASSED] - tap(findTestObject("Surplus Test/android.widget.Button - REGISTER (1)"), 30): Tapped on element 'Object Repository/Surplus Test/android.widget.Button - REGISTER (1)'

2023-05-11 22:30:28 - [MESSAGE][PASSED] - Tapped on element 'Object Repository/Surplus Test/android.widget.Button - REGISTER (1)'

2023-05-11 22:30:28 - [TEST_STEP][PASSED] - getText(findTestObject("Object Repository/Surplus Test/android.widget.TextView - Password Does Not Matches"), 30): Text of element 'Object Repository/Surplus Test/android.widget.TextView - Password Does Not Matches' is: 'Password Does Not Matches'

2023-05-11 22:30:29 - [MESSAGE][PASSED] - Text of element 'Object Repository/Surplus Test/android.widget.TextView - Password Does Not Matches' is: 'Password Does Not Matches'

2023-05-11 22:30:29 - [TEST_STEP][PASSED] - setEncryptedText(findTestObject("Object Repository/Surplus Test/android.widget.EditText (24)"), "4Uo44/4IaYg=", 30): Encrypted text '4Uo44/4IaYg=' has been set to element 'Object Repository/Surplus Test/android.widget.EditText (24)'

2023-05-11 22:30:30 - [MESSAGE][PASSED] - Encrypted text '4Uo44/4IaYg=' has been set to element 'Object Repository/Surplus Test/android.widget.EditText (24)'

2023-05-11 22:30:30 - [TEST_STEP][PASSED] - comment("Form Konfirmasi Password Tidak sesuai sebelumnya"): Form Konfirmasi Password Tidak sesuai sebelumnya

2023-05-11 22:30:30 - [MESSAGE][INFO] - Form Konfirmasi Password Tidak sesuai sebelumnya

2023-05-11 22:30:30 - [TEST_STEP][PASSED] - tap(findTestObject("Surplus Test/android.widget.Button - REGISTER (1)"), 30): Tapped on element 'Object Repository/Surplus Test/android.widget.Button - REGISTER (1)'

2023-05-11 22:30:30 - [MESSAGE][PASSED] - Tapped on element 'Object Repository/Surplus Test/android.widget.Button - REGISTER (1)'

2023-05-11 22:30:30 - [TEST_STEP][PASSED] - getText(findTestObject("Surplus Test/android.widget.TextView - Password Does Not Matches"), 30): Text of element 'Object Repository/Surplus Test/android.widget.TextView - Password Does Not Matches' is: 'Password Does Not Matches'

2023-05-11 22:30:31 - [MESSAGE][PASSED] - Text of element 'Object Repository/Surplus Test/android.widget.TextView - Password Does Not Matches' is: 'Password Does Not Matches'

2023-05-11 22:30:31 - [TEST_STEP][PASSED] - setEncryptedText(findTestObject("Object Repository/Surplus Test/android.widget.EditText -"), "1qrNa99UBkUp8Q497NPGjg==", 30): Encrypted text '1qrNa99UBkUp8Q497NPGjg==' has been set to element 'Object Repository/Surplus Test/android.widget.EditText -'

2023-05-11 22:30:31 - [MESSAGE][PASSED] - Encrypted text '1qrNa99UBkUp8Q497NPGjg==' has been set to element 'Object Repository/Surplus Test/android.widget.EditText -'

2023-05-11 22:30:31 - [TEST_STEP][PASSED] - tap(findTestObject("Object Repository/Surplus Test/android.widget.TextView - Already a member Login (1)"), 30): Tapped on element 'Object Repository/Surplus Test/android.widget.TextView - Already a member Login (1)'

2023-05-11 22:30:32 - [MESSAGE][PASSED] - Tapped on element 'Object Repository/Surplus Test/android.widget.TextView - Already a member Login (1)'

2023-05-11 22:30:32 - [TEST_STEP][PASSED] - comment("Semua Form Login Dikosongi"): Semua Form Login Dikosongi

2023-05-11 22:30:32 - [MESSAGE][INFO] - Semua Form Login Dikosongi

2023-05-11 22:30:32 - [TEST_STEP][PASSED] - tap(findTestObject("Object Repository/Surplus Test/android.widget.Button - LOGIN (3)"), 30): Tapped on element 'Object Repository/Surplus Test/android.widget.Button - LOGIN (3)'

2023-05-11 22:30:33 - [MESSAGE][PASSED] - Tapped on element 'Object Repository/Surplus Test/android.widget.Button - LOGIN (3)'

2023-05-11 22:30:33 - [TEST_STEP][PASSED] - getText(findTestObject("Object Repository/Surplus Test/android.widget.TextView - Enter Valid Email (1)"), 30): Text of element 'Object Repository/Surplus Test/android.widget.TextView - Enter Valid Email (1)' is: 'Enter Valid Email'

2023-05-11 22:30:33 - [MESSAGE][PASSED] - Text of element 'Object Repository/Surplus Test/android.widget.TextView - Enter Valid Email (1)' is: 'Enter Valid Email'

2023-05-11 22:30:33 - [TEST_STEP][PASSED] - setText(findTestObject("Object Repository/Surplus Test/android.widget.EditText (25)"), "lina@gmail.com", 30): Text 'lina@gmail.com' has been set to element 'Object Repository/Surplus Test/android.widget.EditText (25)'

2023-05-11 22:30:34 - [MESSAGE][PASSED] - Text 'lina@gmail.com' has been set to element 'Object Repository/Surplus Test/android.widget.EditText (25)'

2023-05-11 22:30:34 - [TEST_STEP][PASSED] - comment("Form Password dikosongi"): Form Password dikosongi

2023-05-11 22:30:34 - [MESSAGE][INFO] - Form Password dikosongi

2023-05-11 22:30:34 - [TEST_STEP][PASSED] - tap(findTestObject("Object Repository/Surplus Test/android.widget.Button - LOGIN (4)"), 30): Tapped on element 'Object Repository/Surplus Test/android.widget.Button - LOGIN (4)'

2023-05-11 22:30:34 - [MESSAGE][PASSED] - Tapped on element 'Object Repository/Surplus Test/android.widget.Button - LOGIN (4)'

2023-05-11 22:30:34 - [TEST_STEP][PASSED] - getText(findTestObject("Object Repository/Surplus Test/android.widget.TextView - Enter Valid Email (2)"), 30): Text of element 'Object Repository/Surplus Test/android.widget.TextView - Enter Valid Email (2)' is: 'Enter Valid Email'

2023-05-11 22:30:35 - [MESSAGE][PASSED] - Text of element 'Object Repository/Surplus Test/android.widget.TextView - Enter Valid Email (2)' is: 'Enter Valid Email'

2023-05-11 22:30:35 - [TEST_STEP][PASSED] - setEncryptedText(findTestObject("Object Repository/Surplus Test/android.widget.EditText (26)"), "iGDxf8hSRT4=", 30): Encrypted text 'iGDxf8hSRT4=' has been set to element 'Object Repository/Surplus Test/android.widget.EditText (26)'

2023-05-11 22:30:36 - [MESSAGE][PASSED] - Encrypted text 'iGDxf8hSRT4=' has been set to element 'Object Repository/Surplus Test/android.widget.EditText (26)'

2023-05-11 22:30:36 - [TEST_STEP][PASSED] - comment("Memasukkan Password Salah"): Memasukkan Password Salah

2023-05-11 22:30:36 - [MESSAGE][INFO] - Memasukkan Password Salah

2023-05-11 22:30:36 - [TEST_STEP][PASSED] - tap(findTestObject("Surplus Test/android.widget.Button - LOGIN (4)"), 30): Tapped on element 'Object Repository/Surplus Test/android.widget.Button - LOGIN (4)'

2023-05-11 22:30:36 - [MESSAGE][PASSED] - Tapped on element 'Object Repository/Surplus Test/android.widget.Button - LOGIN (4)'

2023-05-11 22:30:36 - [TEST_STEP][PASSED] - setText(findTestObject("Object Repository/Surplus Test/android.widget.EditText (25)"), "lin@gmail.com", 30): Text 'lin@gmail.com' has been set to element 'Object Repository/Surplus Test/android.widget.EditText (25)'

2023-05-11 22:30:37 - [MESSAGE][PASSED] - Text 'lin@gmail.com' has been set to element 'Object Repository/Surplus Test/android.widget.EditText (25)'

2023-05-11 22:30:37 - [TEST_STEP][PASSED] - tap(findTestObject("Surplus Test/android.widget.Button - LOGIN (4)"), 30, STOP_ON_FAILURE): Tapped on element 'Object Repository/Surplus Test/android.widget.Button - LOGIN (4)'

2023-05-11 22:30:38 - [MESSAGE][PASSED] - Tapped on element 'Object Repository/Surplus Test/android.widget.Button - LOGIN (4)'

2023-05-11 22:30:38 - [TEST_STEP][PASSED] - comment("Password Tidak Sesuai"): Password Tidak Sesuai

2023-05-11 22:30:38 - [MESSAGE][INFO] - Password Tidak Sesuai

2023-05-11 22:30:38 - [TEST_STEP][PASSED] - closeApplication(): Close app successfully

2023-05-11 22:30:39 - [MESSAGE][PASSED] - Close app successfully]]></system-out>
         <system-err><![CDATA[]]></system-err>
      </testcase>
      <system-out><![CDATA[2023-05-11 22:29:02 - [TEST_SUITE][PASSED] - Login Register: Test Cases/Test - Surplus/Surplus - Register - Login - Negative]]></system-out>
      <system-err><![CDATA[]]></system-err>
   </testsuite>
</testsuites>
